08:09:01.203 [main]  INFO  com.intuit.karate - Karate version: 1.3.0
08:09:01.317 [main]  INFO  com.intuit.karate.Runner - using system property 'karate.config.dir': services
08:09:34.813 [main]  INFO  com.intuit.karate - Karate version: 1.3.0
08:09:34.888 [main]  INFO  com.intuit.karate.Runner - using system property 'karate.config.dir': services
08:09:34.913 [main]  INFO  com.intuit.karate.Suite - backed up existing 'target/karate-reports' dir to: target/karate-reports_1683427174913
08:11:58.402 [main]  INFO  com.intuit.karate - Karate version: 1.3.0
08:11:58.480 [main]  INFO  com.intuit.karate.Runner - using system property 'karate.config.dir': services
08:11:58.504 [main]  INFO  com.intuit.karate.Suite - backed up existing 'target/karate-reports' dir to: target/karate-reports_1683427318503
08:13:00.439 [main]  INFO  com.intuit.karate - Karate version: 1.3.0
08:13:00.513 [main]  INFO  com.intuit.karate.Runner - using system property 'karate.config.dir': services
08:13:00.538 [main]  INFO  com.intuit.karate.Suite - backed up existing 'target/karate-reports' dir to: target/karate-reports_1683427380538
08:13:09.854 [main]  INFO  com.intuit.karate - Karate version: 1.3.0
08:13:09.967 [main]  INFO  com.intuit.karate.Runner - using system property 'karate.config.dir': services
08:13:09.994 [main]  INFO  com.intuit.karate.Suite - backed up existing 'target/karate-reports' dir to: target/karate-reports_1683427389993
08:14:22.087 [main]  INFO  com.intuit.karate - Karate version: 1.3.0
08:14:22.174 [main]  INFO  com.intuit.karate.Runner - using system property 'karate.config.dir': services
08:14:22.239 [main]  INFO  com.intuit.karate.Suite - backed up existing 'target/karate-reports' dir to: target/karate-reports_1683427462238
08:14:22.943 [pool-1-thread-1]  DEBUG com.intuit.karate - request:
1 > GET http://localhost:3000/
1 > Content-Type: application/json
1 > Host: localhost:3000
1 > Connection: Keep-Alive
1 > User-Agent: Apache-HttpClient/4.5.13 (Java/19)
1 > Accept-Encoding: gzip,deflate


08:14:48.120 [main]  INFO  com.intuit.karate - Karate version: 1.3.0
08:14:48.196 [main]  INFO  com.intuit.karate.Runner - using system property 'karate.config.dir': services
08:14:48.887 [pool-1-thread-1]  DEBUG com.intuit.karate - request:
1 > GET http://localhost:3000/
1 > Content-Type: application/json
1 > Host: localhost:3000
1 > Connection: Keep-Alive
1 > User-Agent: Apache-HttpClient/4.5.13 (Java/19)
1 > Accept-Encoding: gzip,deflate


08:14:48.903 [pool-1-thread-1]  ERROR com.intuit.karate - karate.org.apache.http.conn.HttpHostConnectException: Connect to localhost:3000 [localhost/127.0.0.1, localhost/0:0:0:0:0:0:0:1] failed: Connection refused, http call failed after 151 milliseconds for url: http://localhost:3000/
08:14:48.903 [pool-1-thread-1]  ERROR com.intuit.karate - services/features/my-test.feature:9
When method get
http call failed after 151 milliseconds for url: http://localhost:3000/
services/features/my-test.feature:9
08:14:49.406 [pool-2-thread-1]  INFO  com.intuit.karate.Suite - <<fail>> feature 1 of 1 (0 remaining) services/features/my-test.feature
08:16:01.449 [main]  INFO  com.intuit.karate - Karate version: 1.3.0
08:16:01.526 [main]  INFO  com.intuit.karate.Runner - using system property 'karate.config.dir': services
08:16:01.585 [main]  INFO  com.intuit.karate.Suite - backed up existing 'target/karate-reports' dir to: target/karate-reports_1683427561585
08:16:02.290 [pool-1-thread-1]  DEBUG com.intuit.karate - request:
1 > GET http://localhost:3000/
1 > Content-Type: application/json
1 > Host: localhost:3000
1 > Connection: Keep-Alive
1 > User-Agent: Apache-HttpClient/4.5.13 (Java/19)
1 > Accept-Encoding: gzip,deflate


08:16:02.308 [pool-1-thread-1]  ERROR com.intuit.karate - karate.org.apache.http.conn.HttpHostConnectException: Connect to localhost:3000 [localhost/127.0.0.1, localhost/0:0:0:0:0:0:0:1] failed: Connection refused, http call failed after 180 milliseconds for url: http://localhost:3000/
08:16:02.308 [pool-1-thread-1]  ERROR com.intuit.karate - services/features/my-test.feature:9
When method get
http call failed after 180 milliseconds for url: http://localhost:3000/
services/features/my-test.feature:9
08:16:02.795 [pool-2-thread-1]  INFO  com.intuit.karate.Suite - <<fail>> feature 1 of 1 (0 remaining) services/features/my-test.feature
08:16:50.378 [main]  INFO  com.intuit.karate - Karate version: 1.3.0
08:16:50.462 [main]  INFO  com.intuit.karate.Runner - using system property 'karate.config.dir': services
08:16:50.525 [main]  INFO  com.intuit.karate.Suite - backed up existing 'target/karate-reports' dir to: target/karate-reports_1683427610525
08:16:51.231 [pool-1-thread-1]  DEBUG com.intuit.karate - request:
1 > GET http://localhost:3000/
1 > Content-Type: application/json
1 > Host: localhost:3000
1 > Connection: Keep-Alive
1 > User-Agent: Apache-HttpClient/4.5.13 (Java/19)
1 > Accept-Encoding: gzip,deflate


08:16:51.252 [pool-1-thread-1]  ERROR com.intuit.karate - karate.org.apache.http.conn.HttpHostConnectException: Connect to localhost:3000 [localhost/127.0.0.1, localhost/0:0:0:0:0:0:0:1] failed: Connection refused, http call failed after 178 milliseconds for url: http://localhost:3000/
08:16:51.252 [pool-1-thread-1]  ERROR com.intuit.karate - services/features/my-test.feature:9
When method get
http call failed after 178 milliseconds for url: http://localhost:3000/
services/features/my-test.feature:9
08:16:51.733 [pool-2-thread-1]  INFO  com.intuit.karate.Suite - <<fail>> feature 1 of 1 (0 remaining) services/features/my-test.feature
08:17:23.127 [main]  INFO  com.intuit.karate - Karate version: 1.3.0
08:17:23.201 [main]  INFO  com.intuit.karate.Runner - using system property 'karate.config.dir': services
08:17:23.258 [main]  INFO  com.intuit.karate.Suite - backed up existing 'target/karate-reports' dir to: target/karate-reports_1683427643258
08:17:23.951 [pool-1-thread-1]  DEBUG com.intuit.karate - request:
1 > GET http://localhost:3000/
1 > Content-Type: application/json
1 > Host: localhost:3000
1 > Connection: Keep-Alive
1 > User-Agent: Apache-HttpClient/4.5.13 (Java/19)
1 > Accept-Encoding: gzip,deflate


08:21:12.654 [main]  INFO  com.intuit.karate - Karate version: 1.3.0
08:21:12.733 [main]  INFO  com.intuit.karate.Runner - using system property 'karate.config.dir': services
08:21:13.478 [pool-1-thread-1]  DEBUG com.intuit.karate - request:
1 > GET http://localhost:3000/
1 > Content-Type: application/json
1 > Host: localhost:3000
1 > Connection: Keep-Alive
1 > User-Agent: Apache-HttpClient/4.5.13 (Java/19)
1 > Accept-Encoding: gzip,deflate


08:21:43.500 [pool-1-thread-1]  ERROR com.intuit.karate - java.net.SocketTimeoutException: Read timed out, http call failed after 30178 milliseconds for url: http://localhost:3000/
08:21:43.503 [pool-1-thread-1]  ERROR com.intuit.karate - services/features/my-test.feature:9
When method get
http call failed after 30178 milliseconds for url: http://localhost:3000/
services/features/my-test.feature:9
08:21:44.048 [pool-2-thread-1]  INFO  com.intuit.karate.Suite - <<fail>> feature 1 of 1 (0 remaining) services/features/my-test.feature
08:22:13.527 [main]  INFO  com.intuit.karate - Karate version: 1.3.0
08:22:13.603 [main]  INFO  com.intuit.karate.Runner - using system property 'karate.config.dir': services
08:22:13.660 [main]  INFO  com.intuit.karate.Suite - backed up existing 'target/karate-reports' dir to: target/karate-reports_1683427933660
08:22:14.351 [pool-1-thread-1]  DEBUG com.intuit.karate - request:
1 > GET http://localhost:3000
1 > Content-Type: application/json
1 > Host: localhost:3000
1 > Connection: Keep-Alive
1 > User-Agent: Apache-HttpClient/4.5.13 (Java/19)
1 > Accept-Encoding: gzip,deflate


08:22:44.373 [pool-1-thread-1]  ERROR com.intuit.karate - java.net.SocketTimeoutException: Read timed out, http call failed after 30180 milliseconds for url: http://localhost:3000
08:22:44.378 [pool-1-thread-1]  ERROR com.intuit.karate - services/features/my-test.feature:8
When method get
http call failed after 30180 milliseconds for url: http://localhost:3000
services/features/my-test.feature:8
08:22:44.932 [pool-2-thread-1]  INFO  com.intuit.karate.Suite - <<fail>> feature 1 of 1 (0 remaining) services/features/my-test.feature
08:23:10.798 [main]  INFO  com.intuit.karate - Karate version: 1.3.0
08:23:10.874 [main]  INFO  com.intuit.karate.Runner - using system property 'karate.config.dir': services
08:23:10.937 [main]  INFO  com.intuit.karate.Suite - backed up existing 'target/karate-reports' dir to: target/karate-reports_1683427990937
08:23:11.671 [pool-1-thread-1]  DEBUG com.intuit.karate - request:
1 > GET http://localhost:3000/
1 > Content-Type: application/json
1 > Host: localhost:3000
1 > Connection: Keep-Alive
1 > User-Agent: Apache-HttpClient/4.5.13 (Java/19)
1 > Accept-Encoding: gzip,deflate


08:24:08.430 [main]  INFO  com.intuit.karate - Karate version: 1.3.0
08:24:08.506 [main]  INFO  com.intuit.karate.Runner - using system property 'karate.config.dir': services
08:24:09.248 [pool-1-thread-1]  DEBUG com.intuit.karate - request:
1 > GET http://localhost:3000
1 > Content-Type: application/json
1 > Host: localhost:3000
1 > Connection: Keep-Alive
1 > User-Agent: Apache-HttpClient/4.5.13 (Java/19)
1 > Accept-Encoding: gzip,deflate


08:24:39.273 [pool-1-thread-1]  ERROR com.intuit.karate - java.net.SocketTimeoutException: Read timed out, http call failed after 30179 milliseconds for url: http://localhost:3000
08:24:39.277 [pool-1-thread-1]  ERROR com.intuit.karate - services/features/my-test.feature:8
When method get
http call failed after 30179 milliseconds for url: http://localhost:3000
services/features/my-test.feature:8
08:24:39.812 [pool-2-thread-1]  INFO  com.intuit.karate.Suite - <<fail>> feature 1 of 1 (0 remaining) services/features/my-test.feature
08:24:52.002 [main]  INFO  com.intuit.karate - Karate version: 1.3.0
08:24:52.077 [main]  INFO  com.intuit.karate.Runner - using system property 'karate.config.dir': services
08:24:52.134 [main]  INFO  com.intuit.karate.Suite - backed up existing 'target/karate-reports' dir to: target/karate-reports_1683428092134
08:24:52.829 [pool-1-thread-1]  DEBUG com.intuit.karate - request:
1 > GET http://localhost:3000
1 > Content-Type: application/json
1 > Host: localhost:3000
1 > Connection: Keep-Alive
1 > User-Agent: Apache-HttpClient/4.5.13 (Java/19)
1 > Accept-Encoding: gzip,deflate


08:25:22.852 [pool-1-thread-1]  ERROR com.intuit.karate - java.net.SocketTimeoutException: Read timed out, http call failed after 30182 milliseconds for url: http://localhost:3000
08:25:22.855 [pool-1-thread-1]  ERROR com.intuit.karate - services/features/my-test.feature:8
When method get
http call failed after 30182 milliseconds for url: http://localhost:3000
services/features/my-test.feature:8
08:25:23.404 [pool-2-thread-1]  INFO  com.intuit.karate.Suite - <<fail>> feature 1 of 1 (0 remaining) services/features/my-test.feature
08:25:55.932 [main]  INFO  com.intuit.karate - Karate version: 1.3.0
08:25:56.009 [main]  INFO  com.intuit.karate.Runner - using system property 'karate.config.dir': services
08:25:56.068 [main]  INFO  com.intuit.karate.Suite - backed up existing 'target/karate-reports' dir to: target/karate-reports_1683428156067
08:25:56.773 [pool-1-thread-1]  DEBUG com.intuit.karate - request:
1 > GET http://localhost:3000
1 > Content-Type: application/json
1 > Host: localhost:3000
1 > Connection: Keep-Alive
1 > User-Agent: Apache-HttpClient/4.5.13 (Java/19)
1 > Accept-Encoding: gzip,deflate


08:26:22.358 [main]  INFO  com.intuit.karate - Karate version: 1.3.0
08:26:22.445 [main]  INFO  com.intuit.karate.Runner - using system property 'karate.config.dir': services
08:26:23.144 [pool-1-thread-1]  DEBUG com.intuit.karate - request:
1 > GET http://localhost:3000/
1 > Content-Type: application/json
1 > Host: localhost:3000
1 > Connection: Keep-Alive
1 > User-Agent: Apache-HttpClient/4.5.13 (Java/19)
1 > Accept-Encoding: gzip,deflate


08:26:58.442 [main]  INFO  com.intuit.karate - Karate version: 1.3.0
08:26:58.514 [main]  INFO  com.intuit.karate.Runner - using system property 'karate.config.dir': services
08:26:59.198 [pool-1-thread-1]  DEBUG com.intuit.karate - request:
1 > GET http://localhost:3000/
1 > Content-Type: application/json
1 > Host: localhost:3000
1 > Connection: Keep-Alive
1 > User-Agent: Apache-HttpClient/4.5.13 (Java/19)
1 > Accept-Encoding: gzip,deflate


08:27:13.926 [main]  INFO  com.intuit.karate - Karate version: 1.3.0
08:27:14.000 [main]  INFO  com.intuit.karate.Runner - using system property 'karate.config.dir': services
08:27:14.682 [pool-1-thread-1]  DEBUG com.intuit.karate - request:
1 > GET http://localhost:3000/
1 > Content-Type: application/json
1 > Host: localhost:3000
1 > Connection: Keep-Alive
1 > User-Agent: Apache-HttpClient/4.5.13 (Java/19)
1 > Accept-Encoding: gzip,deflate


08:27:44.804 [main]  INFO  com.intuit.karate - Karate version: 1.3.0
08:27:45.604 [pool-1-thread-1]  DEBUG com.intuit.karate - request:
1 > GET http://localhost:3000/
1 > Content-Type: application/json
1 > Host: localhost:3000
1 > Connection: Keep-Alive
1 > User-Agent: Apache-HttpClient/4.5.13 (Java/19)
1 > Accept-Encoding: gzip,deflate


08:28:13.826 [main]  INFO  com.intuit.karate - Karate version: 1.3.0
08:28:13.900 [main]  INFO  com.intuit.karate.Runner - using system property 'karate.config.dir': services
08:28:14.636 [main]  DEBUG com.intuit.karate - request:
1 > GET http://localhost:3000/
1 > Content-Type: application/json
1 > Host: localhost:3000
1 > Connection: Keep-Alive
1 > User-Agent: Apache-HttpClient/4.5.13 (Java/19)
1 > Accept-Encoding: gzip,deflate


08:28:44.658 [main]  ERROR com.intuit.karate - java.net.SocketTimeoutException: Read timed out, http call failed after 30162 milliseconds for url: http://localhost:3000/
08:28:44.661 [main]  ERROR com.intuit.karate - services/features/my-test.feature:9
When method get
http call failed after 30162 milliseconds for url: http://localhost:3000/
services/features/my-test.feature:9
08:28:45.275 [main]  INFO  com.intuit.karate.Suite - <<fail>> feature 1 of 1 (0 remaining) services/features/my-test.feature
08:28:55.531 [main]  INFO  com.intuit.karate - Karate version: 1.4.0
08:28:55.688 [main]  INFO  com.intuit.karate.Runner - using system property 'karate.config.dir': services
08:28:55.751 [main]  INFO  com.intuit.karate.Suite - backed up existing 'target/karate-reports' dir to: target/karate-reports_1683428335749
08:28:56.515 [pool-1-thread-1]  DEBUG com.intuit.karate - request:
1 > GET http://localhost:3000/
1 > Content-Type: application/json
1 > Host: localhost:3000
1 > Connection: Keep-Alive
1 > User-Agent: Apache-HttpClient/4.5.14 (Java/19)
1 > Accept-Encoding: gzip,deflate


08:29:26.548 [pool-1-thread-1]  ERROR com.intuit.karate - java.net.SocketTimeoutException: Read timed out, http call failed after 30168 milliseconds for url: http://localhost:3000/
08:29:26.553 [pool-1-thread-1]  ERROR com.intuit.karate - services/features/my-test.feature:9
When method get
http call failed after 30168 milliseconds for url: http://localhost:3000/
java.net.SocketTimeoutException: Read timed out
services/features/my-test.feature:9
08:29:27.017 [pool-2-thread-1]  INFO  com.intuit.karate.Suite - <<fail>> feature 1 of 1 (0 remaining) services/features/my-test.feature
08:29:50.164 [main]  INFO  com.intuit.karate - Karate version: 1.4.0
08:29:50.341 [main]  INFO  com.intuit.karate.Runner - using system property 'karate.config.dir': services
08:29:50.413 [main]  INFO  com.intuit.karate.Suite - backed up existing 'target/karate-reports' dir to: target/karate-reports_1683428390410
08:29:51.265 [pool-1-thread-1]  DEBUG com.intuit.karate - request:
1 > GET http://localhost:3000/
1 > Content-Type: application/json
1 > Host: localhost:3000
1 > Connection: Keep-Alive
1 > User-Agent: Apache-HttpClient/4.5.14 (Java/19)
1 > Accept-Encoding: gzip,deflate


08:30:07.897 [main]  INFO  com.intuit.karate - Karate version: 1.3.0
08:30:07.975 [main]  INFO  com.intuit.karate.Runner - using system property 'karate.config.dir': services
08:30:08.703 [pool-1-thread-1]  DEBUG com.intuit.karate - request:
1 > GET http://localhost:3000/
1 > Content-Type: application/json
1 > Host: localhost:3000
1 > Connection: Keep-Alive
1 > User-Agent: Apache-HttpClient/4.5.13 (Java/19)
1 > Accept-Encoding: gzip,deflate


08:30:21.313 [pool-1-thread-1]  ERROR com.intuit.karate - java.net.SocketTimeoutException: Read timed out, http call failed after 30201 milliseconds for url: http://localhost:3000/
08:30:21.321 [pool-1-thread-1]  ERROR com.intuit.karate - services/features/my-test.feature:9
When method get
http call failed after 30201 milliseconds for url: http://localhost:3000/
java.net.SocketTimeoutException: Read timed out
services/features/my-test.feature:9
08:30:21.780 [pool-2-thread-1]  INFO  com.intuit.karate.Suite - <<fail>> feature 1 of 1 (0 remaining) services/features/my-test.feature
08:30:21.924 [pool-1-thread-1]  DEBUG com.intuit.karate - response time in milliseconds: 13217
1 < 200
1 < X-Powered-By: Express
1 < Content-Type: text/html; charset=utf-8
1 < Content-Length: 12
1 < ETag: W/"c-Lve95gjOVATpfV8EL5X4nxwjKHE"
1 < Date: Sun, 07 May 2023 03:00:21 GMT
1 < Connection: keep-alive
1 < Keep-Alive: timeout=5
Hello World!

08:30:22.459 [pool-2-thread-1]  INFO  com.intuit.karate.Suite - <<pass>> feature 1 of 1 (0 remaining) services/features/my-test.feature
08:31:19.015 [main]  INFO  com.intuit.karate - Karate version: 1.4.0
08:31:19.178 [main]  INFO  com.intuit.karate.Runner - using system property 'karate.config.dir': services
08:31:19.243 [main]  INFO  com.intuit.karate.Suite - backed up existing 'target/karate-reports' dir to: target/karate-reports_1683428479240
08:31:20.046 [pool-1-thread-1]  DEBUG com.intuit.karate - request:
1 > GET http://localhost:3000/
1 > Content-Type: application/json
1 > Host: localhost:3000
1 > Connection: Keep-Alive
1 > User-Agent: Apache-HttpClient/4.5.14 (Java/19)
1 > Accept-Encoding: gzip,deflate


08:31:43.032 [main]  INFO  com.intuit.karate - Karate version: 1.3.0
08:31:43.106 [main]  INFO  com.intuit.karate.Runner - using system property 'karate.config.dir': services
08:31:43.834 [pool-1-thread-1]  DEBUG com.intuit.karate - request:
1 > GET http://localhost:3000/
1 > Content-Type: application/json
1 > Host: localhost:3000
1 > Connection: Keep-Alive
1 > User-Agent: Apache-HttpClient/4.5.13 (Java/19)
1 > Accept-Encoding: gzip,deflate


08:31:43.849 [pool-1-thread-1]  ERROR com.intuit.karate - karate.org.apache.http.conn.HttpHostConnectException: Connect to localhost:3000 [localhost/127.0.0.1, localhost/0:0:0:0:0:0:0:1] failed: Connection refused, http call failed after 158 milliseconds for url: http://localhost:3000/
08:31:43.850 [pool-1-thread-1]  ERROR com.intuit.karate - services/features/my-test.feature:9
When method get
http call failed after 158 milliseconds for url: http://localhost:3000/
services/features/my-test.feature:9
08:31:44.322 [pool-2-thread-1]  INFO  com.intuit.karate.Suite - <<fail>> feature 1 of 1 (0 remaining) services/features/my-test.feature
08:32:27.689 [main]  INFO  com.intuit.karate - Karate version: 1.3.0
08:32:27.769 [main]  INFO  com.intuit.karate.Runner - using system property 'karate.config.dir': services
08:32:27.830 [main]  INFO  com.intuit.karate.Suite - backed up existing 'target/karate-reports' dir to: target/karate-reports_1683428547830
08:32:28.533 [pool-1-thread-1]  DEBUG com.intuit.karate - request:
1 > GET http://localhost:3000/
1 > Content-Type: application/json
1 > Host: localhost:3000
1 > Connection: Keep-Alive
1 > User-Agent: Apache-HttpClient/4.5.13 (Java/19)
1 > Accept-Encoding: gzip,deflate


08:32:58.561 [pool-1-thread-1]  ERROR com.intuit.karate - java.net.SocketTimeoutException: Read timed out, http call failed after 30180 milliseconds for url: http://localhost:3000/
08:32:58.564 [pool-1-thread-1]  ERROR com.intuit.karate - services/features/my-test.feature:9
When method get
http call failed after 30180 milliseconds for url: http://localhost:3000/
services/features/my-test.feature:9
08:32:59.097 [pool-2-thread-1]  INFO  com.intuit.karate.Suite - <<fail>> feature 1 of 1 (0 remaining) services/features/my-test.feature
08:33:54.219 [main]  INFO  com.intuit.karate - Karate version: 1.3.0
08:33:54.294 [main]  INFO  com.intuit.karate.Runner - using system property 'karate.config.dir': services
08:33:54.353 [main]  INFO  com.intuit.karate.Suite - backed up existing 'target/karate-reports' dir to: target/karate-reports_1683428634353
08:33:55.079 [pool-1-thread-1]  DEBUG com.intuit.karate - request:
1 > GET https://jsonplaceholder.typicode.com/posts/1
1 > Host: jsonplaceholder.typicode.com
1 > Connection: Keep-Alive
1 > User-Agent: Apache-HttpClient/4.5.13 (Java/19)
1 > Accept-Encoding: gzip,deflate


08:33:55.394 [pool-1-thread-1]  DEBUG com.intuit.karate - response time in milliseconds: 313
1 < 200
1 < Date: Sun, 07 May 2023 03:03:55 GMT
1 < Content-Type: application/json; charset=utf-8
1 < Transfer-Encoding: chunked
1 < Connection: keep-alive
1 < X-Powered-By: Express
1 < X-Ratelimit-Limit: 1000
1 < X-Ratelimit-Remaining: 999
1 < X-Ratelimit-Reset: 1683424616
1 < Vary: Origin, Accept-Encoding
1 < Access-Control-Allow-Credentials: true
1 < Cache-Control: max-age=43200
1 < Pragma: no-cache
1 < Expires: -1
1 < X-Content-Type-Options: nosniff
1 < Etag: W/"124-yiKdLzqO5gfBrJFrcdJ8Yq0LGnU"
1 < Via: 1.1 vegur
1 < CF-Cache-Status: HIT
1 < Age: 4062
1 < Report-To: {"endpoints":[{"url":"https:\/\/a.nel.cloudflare.com\/report\/v3?s=Pa9ST2DrbVfF43Oz35pBuAjlszSIhgu2uU2809RDMgJPPkWRUIufeZ86g7V77Hk2FOTTFuE%2FcDOFxgvS00ZLGfLEx4COTP0%2F5eIZFCKxlYrOfNnk2vwCPbSNXHTfqKf6s%2BMCD5ALg57lZ6dEDKtu"}],"group":"cf-nel","max_age":604800}
1 < NEL: {"success_fraction":0,"report_to":"cf-nel","max_age":604800}
1 < Server: cloudflare
1 < CF-RAY: 7c363b8b9ba01d1c-BLR
1 < alt-svc: h3=":443"; ma=86400, h3-29=":443"; ma=86400
{
  "userId": 1,
  "id": 1,
  "title": "sunt aut facere repellat provident occaecati excepturi optio reprehenderit",
  "body": "quia et suscipit\nsuscipit recusandae consequuntur expedita et cum\nreprehenderit molestiae ut ut quas totam\nnostrum rerum est autem sunt rem eveniet architecto"
}

08:33:56.065 [pool-2-thread-1]  INFO  com.intuit.karate.Suite - <<pass>> feature 1 of 1 (0 remaining) services/features/my-test.feature
08:34:03.951 [main]  INFO  com.intuit.karate - Karate version: 1.3.0
08:34:04.044 [main]  INFO  com.intuit.karate.Runner - using system property 'karate.config.dir': services
08:34:04.106 [main]  INFO  com.intuit.karate.Suite - backed up existing 'target/karate-reports' dir to: target/karate-reports_1683428644106
08:34:04.842 [pool-1-thread-1]  DEBUG com.intuit.karate - request:
1 > GET https://jsonplaceholder.typicode.com/posts/1
1 > Host: jsonplaceholder.typicode.com
1 > Connection: Keep-Alive
1 > User-Agent: Apache-HttpClient/4.5.13 (Java/19)
1 > Accept-Encoding: gzip,deflate


08:34:05.227 [pool-1-thread-1]  DEBUG com.intuit.karate - response time in milliseconds: 382
1 < 200
1 < Date: Sun, 07 May 2023 03:04:05 GMT
1 < Content-Type: application/json; charset=utf-8
1 < Transfer-Encoding: chunked
1 < Connection: keep-alive
1 < X-Powered-By: Express
1 < X-Ratelimit-Limit: 1000
1 < X-Ratelimit-Remaining: 999
1 < X-Ratelimit-Reset: 1683424616
1 < Vary: Origin, Accept-Encoding
1 < Access-Control-Allow-Credentials: true
1 < Cache-Control: max-age=43200
1 < Pragma: no-cache
1 < Expires: -1
1 < X-Content-Type-Options: nosniff
1 < Etag: W/"124-yiKdLzqO5gfBrJFrcdJ8Yq0LGnU"
1 < Via: 1.1 vegur
1 < CF-Cache-Status: HIT
1 < Age: 4072
1 < Report-To: {"endpoints":[{"url":"https:\/\/a.nel.cloudflare.com\/report\/v3?s=Q1UE7U2WObfV0BqZyC8Ao2nCJZIDxRQ2GRo%2FSOjzyjvcqKBYwgtCaMROtPIG%2BRkPe%2BCvXq7Fb4VHaQI99Sx2JjbeK07dZS28Zr6QnbNaOesZUZLR1gfKDPTuo2DBQnJyfqiOa7%2BhwBm7IvcqNmft"}],"group":"cf-nel","max_age":604800}
1 < NEL: {"success_fraction":0,"report_to":"cf-nel","max_age":604800}
1 < Server: cloudflare
1 < CF-RAY: 7c363bc908891da9-BLR
1 < alt-svc: h3=":443"; ma=86400, h3-29=":443"; ma=86400
{
  "userId": 1,
  "id": 1,
  "title": "sunt aut facere repellat provident occaecati excepturi optio reprehenderit",
  "body": "quia et suscipit\nsuscipit recusandae consequuntur expedita et cum\nreprehenderit molestiae ut ut quas totam\nnostrum rerum est autem sunt rem eveniet architecto"
}

08:34:05.748 [pool-2-thread-1]  INFO  com.intuit.karate.Suite - <<pass>> feature 1 of 1 (0 remaining) services/features/my-test.feature
